<?xml version="1.0" encoding="UTF-8"?>
<!-- Generated by org.testng.reporters.JUnitXMLReporter -->
<testsuite ignored="0" hostname="TYSS-Chaithra" failures="0" tests="0" name="Test-Runner-2" time="55.04" errors="0" timestamp="2023-01-11T10:30:40 IST">
</testsuite> <!-- Test-Runner-2 -->
