<?xml version="1.0" encoding="UTF-8"?>
<!-- Generated by org.testng.reporters.JUnitXMLReporter -->
<testsuite ignored="0" hostname="TYSS-Chaithra" failures="1" tests="1" name="Test-Runner-1" time="51.212" errors="0" timestamp="2023-01-11T10:30:37 IST">
  <testcase classname="vTiger.Organizations.TestScripts.CreateNewOrganizationWithIndustryPOMTest" name="createNewOrgWithInsutryTest" time="29.647">
    <failure type="java.lang.AssertionError" message="null">
      <![CDATA[java.lang.AssertionError: null
at vTiger.Organizations.TestScripts.CreateNewOrganizationWithIndustryPOMTest.createNewOrgWithInsutryTest(CreateNewOrganizationWithIndustryPOMTest.java:54)
at java.base/java.util.ArrayList.forEach(ArrayList.java:1541)
at java.base/java.util.concurrent.FutureTask.run(FutureTask.java:264)
at java.base/java.util.concurrent.ThreadPoolExecutor.runWorker(ThreadPoolExecutor.java:1128)
at java.base/java.util.concurrent.ThreadPoolExecutor$Worker.run(ThreadPoolExecutor.java:628)
at java.base/java.lang.Thread.run(Thread.java:829)
... Removed 20 stack frames]]>
    </failure>
  </testcase> <!-- createNewOrgWithInsutryTest -->
</testsuite> <!-- Test-Runner-1 -->
