<?xml version="1.0" encoding="UTF-8"?>
<!-- Generated by org.testng.reporters.JUnitReportReporter -->
<testsuite hostname="TYSS-Chaithra" failures="0" tests="2" name="vTiger.Practice.DataProviderPractice" time="0.005" errors="0" timestamp="2022-12-29T10:30:59 IST" skipped="0">
  <testcase classname="vTiger.Practice.DataProviderPractice" name="addProductToCartTest" time="0.001"/>
  <system-out/>
  <testcase classname="vTiger.Practice.DataProviderPractice" name="addProductToCartTest" time="0.004"/>
  <system-out/>
</testsuite> <!-- vTiger.Practice.DataProviderPractice -->
