<?xml version="1.0" encoding="UTF-8"?>
<!-- Generated by org.testng.reporters.JUnitReportReporter -->
<testsuite hostname="TYSS-Chaithra" failures="0" tests="2" name="vTiger.Practice.BaseClassPractice" time="0.004" errors="0" timestamp="2022-12-30T10:28:39 IST" skipped="0">
  <testcase classname="vTiger.Practice.BaseClassPractice" name="test2" time="0.001"/>
  <system-out/>
  <testcase classname="vTiger.Practice.BaseClassPractice" name="test" time="0.003"/>
  <system-out/>
</testsuite> <!-- vTiger.Practice.BaseClassPractice -->
