<?xml version="1.0" encoding="UTF-8"?>
<!-- Generated by org.testng.reporters.JUnitReportReporter -->
<testsuite hostname="TYSS-Chaithra" failures="0" tests="1" name="vTiger.Practice.ReadDataFromCmdLineTest" time="0.018" errors="0" timestamp="2023-01-13T11:26:29 IST" skipped="0">
  <testcase classname="vTiger.Practice.ReadDataFromCmdLineTest" name="readData" time="0.018"/>
  <system-out/>
</testsuite> <!-- vTiger.Practice.ReadDataFromCmdLineTest -->
